<?xml version="1.0" encoding="UTF-8"?>
<!-- Generated by org.testng.reporters.JUnitReportReporter -->
<testsuite hostname="DESKTOP-V7A1CDP" failures="0" tests="3" name="TestNg_session.AmazoneTest" time="2.908" errors="0" timestamp="2023-11-23T21:04:11 IST" skipped="0">
  <testcase classname="TestNg_session.AmazoneTest" name="titleTest" time="1.478"/>
  <system-out/>
  <testcase classname="TestNg_session.AmazoneTest" name="searchTest" time="1.142"/>
  <system-out/>
  <testcase classname="TestNg_session.AmazoneTest" name="helpDisplayed" time="0.288"/>
  <system-out/>
</testsuite> <!-- TestNg_session.AmazoneTest -->
