<?xml version="1.0" encoding="UTF-8"?>
<!-- Generated by org.testng.reporters.JUnitReportReporter -->
<testsuite hostname="DESKTOP-V7A1CDP" failures="0" tests="2" name="TestNg_session.GoogleTest" time="0.107" errors="0" timestamp="2023-11-22T19:10:19 IST" skipped="0">
  <testcase classname="TestNg_session.GoogleTest" name="titleTest" time="0.021"/>
  <system-out/>
  <testcase classname="TestNg_session.GoogleTest" name="searchTest" time="0.086"/>
  <system-out/>
</testsuite> <!-- TestNg_session.GoogleTest -->
