<?xml version="1.0" encoding="UTF-8"?>
<!-- Generated by org.testng.reporters.JUnitReportReporter -->
<testsuite hostname="DESKTOP-V7A1CDP" failures="0" tests="1" name="TestNg_session.FileUpload" time="9.507" errors="0" timestamp="2023-12-02T10:44:45 IST" skipped="0">
  <testcase classname="TestNg_session.FileUpload" name="fileUpload" time="9.507"/>
  <system-out/>
</testsuite> <!-- TestNg_session.FileUpload -->
