<?xml version="1.0" encoding="UTF-8"?>
<!-- Generated by org.testng.reporters.JUnitReportReporter -->
<testsuite hostname="DESKTOP-V7A1CDP" failures="0" tests="4" name="TestNg_session.LoginPageNegativeTestcases" time="6.818" errors="0" timestamp="2023-11-22T16:24:27 IST" skipped="0">
  <testcase classname="TestNg_session.LoginPageNegativeTestcases" name="logintest" time="3.423"/>
  <system-out/>
  <testcase classname="TestNg_session.LoginPageNegativeTestcases" name="logintest" time="1.136"/>
  <system-out/>
  <testcase classname="TestNg_session.LoginPageNegativeTestcases" name="logintest" time="1.100"/>
  <system-out/>
  <testcase classname="TestNg_session.LoginPageNegativeTestcases" name="logintest" time="1.159"/>
  <system-out/>
</testsuite> <!-- TestNg_session.LoginPageNegativeTestcases -->
