<?xml version="1.0" encoding="UTF-8"?>
<!-- Generated by org.testng.reporters.JUnitReportReporter -->
<testsuite hostname="DESKTOP-V7A1CDP" failures="0" tests="3" name="TestngSession" time="0.040" errors="0" timestamp="2023-10-25T16:11:04 IST" skipped="0">
  <testcase classname="TestngSession" name="homePageTitleTest" time="0.011"/>
  <system-out/>
  <testcase classname="TestngSession" name="homePageURLTest" time="0.015"/>
  <system-out/>
  <testcase classname="TestngSession" name="homePageSearchTest" time="0.014"/>
  <system-out/>
</testsuite> <!-- TestngSession -->
