<?xml version="1.0" encoding="UTF-8"?>
<!-- Generated by org.testng.reporters.JUnitReportReporter -->
<testsuite hostname="DESKTOP-V7A1CDP" failures="0" tests="4" name="testngsessions.SkippedExample" time="0.035" errors="0" timestamp="2023-11-18T13:47:40 IST" skipped="3">
  <testcase classname="testngsessions.SkippedExample" name="demo1" time="0.021"/>
  <system-out/>
  <testcase classname="testngsessions.SkippedExample" name="testCaseConditionalSkipException" time="0.004">
    <skipped/>
  </testcase> <!-- testCaseConditionalSkipException -->
  <system-out/>
  <testcase classname="testngsessions.SkippedExample" name="testCaseSkipException" time="0.010">
    <skipped/>
  </testcase> <!-- testCaseSkipException -->
  <system-out/>
  <testcase classname="testngsessions.SkippedExample" name="testCaseEnabling">
    <skipped/>
  </testcase> <!-- testCaseEnabling -->
  <system-out/>
</testsuite> <!-- testngsessions.SkippedExample -->
