<?xml version="1.0" encoding="UTF-8"?>
<!-- Generated by org.testng.reporters.JUnitReportReporter -->
<testsuite hostname="DESKTOP-V7A1CDP" failures="0" tests="2" name="TestNg_session.GoogleTest" time="0.618" errors="0" timestamp="2023-11-23T21:04:11 IST" skipped="0">
  <testcase classname="TestNg_session.GoogleTest" name="titleTest" time="0.369"/>
  <system-out/>
  <testcase classname="TestNg_session.GoogleTest" name="searchTest" time="0.249"/>
  <system-out/>
</testsuite> <!-- TestNg_session.GoogleTest -->
