<?xml version="1.0" encoding="UTF-8"?>
<!-- Generated by org.testng.reporters.JUnitReportReporter -->
<testsuite hostname="DESKTOP-V7A1CDP" failures="0" tests="3" name="TestNg_session.AmazoneTest" time="1.370" errors="0" timestamp="2023-11-22T12:04:49 IST" skipped="0">
  <testcase classname="TestNg_session.AmazoneTest" name="titleTest" time="0.028"/>
  <system-out/>
  <testcase classname="TestNg_session.AmazoneTest" name="helpDisplayed" time="1.128"/>
  <system-out/>
  <testcase classname="TestNg_session.AmazoneTest" name="searchTest" time="0.214"/>
  <system-out/>
</testsuite> <!-- TestNg_session.AmazoneTest -->
