<?xml version="1.0" encoding="UTF-8"?>
<!-- Generated by org.testng.reporters.JUnitReportReporter -->
<testsuite hostname="DESKTOP-V7A1CDP" failures="0" tests="3" name="HomePageTest" time="14.414" errors="0" timestamp="2023-10-25T17:04:37 IST" skipped="0">
  <testcase classname="HomePageTest" name="VerifyPageTitle" time="3.941"/>
  <system-out/>
  <testcase classname="HomePageTest" name="VerfyHelpFiled" time="4.115"/>
  <system-out/>
  <testcase classname="HomePageTest" name="VerfySerachFiled" time="6.358"/>
  <system-out/>
</testsuite> <!-- HomePageTest -->
