<?xml version="1.0" encoding="UTF-8"?>
<!-- Generated by org.testng.reporters.JUnitReportReporter -->
<testsuite hostname="DESKTOP-V7A1CDP" failures="0" tests="3" name="testngsessions.HomePageTest" time="32.700" errors="0" timestamp="2023-11-06T10:19:26 IST" skipped="0">
  <testcase classname="testngsessions.HomePageTest" name="VerifyPageTitle" time="16.523"/>
  <system-out/>
  <testcase classname="testngsessions.HomePageTest" name="VerfyHelpFiled" time="9.904"/>
  <system-out/>
  <testcase classname="testngsessions.HomePageTest" name="VerfySerachFiled" time="6.273"/>
  <system-out/>
</testsuite> <!-- testngsessions.HomePageTest -->
