<?xml version="1.0" encoding="UTF-8"?>
<!-- Generated by org.testng.reporters.JUnitReportReporter -->
<testsuite hostname="DESKTOP-V7A1CDP" failures="0" tests="3" name="TestNg_session.HomePageTest" time="0.043" errors="0" timestamp="2023-11-22T11:28:43 IST" skipped="0">
  <testcase classname="TestNg_session.HomePageTest" name="homePageURLtest" time="0.014"/>
  <system-out/>
  <testcase classname="TestNg_session.HomePageTest" name="homePageSearchtest" time="0.014"/>
  <system-out/>
  <testcase classname="TestNg_session.HomePageTest" name="homePageTitleltest" time="0.015"/>
  <system-out/>
</testsuite> <!-- TestNg_session.HomePageTest -->
