<?xml version="1.0" encoding="UTF-8"?>
<!-- Generated by org.testng.reporters.JUnitReportReporter -->
<testsuite hostname="DESKTOP-V7A1CDP" failures="0" tests="3" name="TestNg_session.AmazoneTestWithBM" time="18.090" errors="0" timestamp="2023-11-22T13:35:27 IST" skipped="0">
  <testcase classname="TestNg_session.AmazoneTestWithBM" name="helpDisplayed" time="6.218"/>
  <system-out/>
  <testcase classname="TestNg_session.AmazoneTestWithBM" name="searchTest" time="6.140"/>
  <system-out/>
  <testcase classname="TestNg_session.AmazoneTestWithBM" name="titleTest" time="5.732"/>
  <system-out/>
</testsuite> <!-- TestNg_session.AmazoneTestWithBM -->
