<?xml version="1.0" encoding="UTF-8"?>
<!-- Generated by org.testng.reporters.JUnitReportReporter -->
<testsuite hostname="DESKTOP-V7A1CDP" failures="0" tests="1" name="ExpectedException" time="0.015" errors="0" timestamp="2023-10-25T18:50:28 IST" skipped="0">
  <testcase classname="ExpectedException" name="loginTest" time="0.015"/>
  <system-out/>
</testsuite> <!-- ExpectedException -->
