<?xml version="1.0" encoding="UTF-8"?>
<!-- Generated by org.testng.reporters.JUnitReportReporter -->
<testsuite hostname="DESKTOP-V7A1CDP" failures="0" tests="2" name="TestNg_session.CRUDOperation" time="0.016" errors="0" timestamp="2023-11-22T15:26:12 IST" skipped="0">
  <testcase classname="TestNg_session.CRUDOperation" name="createUserTest" time="0.014"/>
  <system-out/>
  <testcase classname="TestNg_session.CRUDOperation" name="getUserTest" time="0.002"/>
  <system-out/>
</testsuite> <!-- TestNg_session.CRUDOperation -->
