<?xml version="1.0" encoding="UTF-8"?>
<!-- Generated by org.testng.reporters.JUnitReportReporter -->
<testsuite hostname="DESKTOP-V7A1CDP" failures="0" tests="10" name="testngsessions.InvocationCount" time="0.133" errors="0" timestamp="2023-10-25T17:47:00 IST" skipped="0">
  <testcase classname="testngsessions.InvocationCount" name="test1" time="0.005"/>
  <system-out/>
  <testcase classname="testngsessions.InvocationCount" name="test1" time="0.010"/>
  <system-out/>
  <testcase classname="testngsessions.InvocationCount" name="test1" time="0.003"/>
  <system-out/>
  <testcase classname="testngsessions.InvocationCount" name="test1" time="0.008"/>
  <system-out/>
  <testcase classname="testngsessions.InvocationCount" name="test1" time="0.013"/>
  <system-out/>
  <testcase classname="testngsessions.InvocationCount" name="test1" time="0.007"/>
  <system-out/>
  <testcase classname="testngsessions.InvocationCount" name="test1" time="0.029"/>
  <system-out/>
  <testcase classname="testngsessions.InvocationCount" name="test1" time="0.004"/>
  <system-out/>
  <testcase classname="testngsessions.InvocationCount" name="test1" time="0.050"/>
  <system-out/>
  <testcase classname="testngsessions.InvocationCount" name="test1" time="0.004"/>
  <system-out/>
</testsuite> <!-- testngsessions.InvocationCount -->
