<?xml version="1.0" encoding="UTF-8"?>
<!-- Generated by org.testng.reporters.JUnitReportReporter -->
<testsuite hostname="DESKTOP-V7A1CDP" failures="0" tests="3" name="testngsessions.DepnedsOn" time="0.020" errors="0" timestamp="2023-10-25T17:38:39 IST" skipped="0">
  <testcase classname="testngsessions.DepnedsOn" name="test2" time="0.003"/>
  <system-out/>
  <testcase classname="testngsessions.DepnedsOn" name="test3" time="0.014"/>
  <system-out/>
  <testcase classname="testngsessions.DepnedsOn" name="test1" time="0.003"/>
  <system-out/>
</testsuite> <!-- testngsessions.DepnedsOn -->
