<?xml version="1.0" encoding="UTF-8"?>
<!-- Generated by org.testng.reporters.JUnitReportReporter -->
<testsuite hostname="DESKTOP-V7A1CDP" failures="0" tests="2" name="TestNg_session.OpenCartStoreTest" time="0.266" errors="0" timestamp="2023-11-23T21:04:11 IST" skipped="0">
  <testcase classname="TestNg_session.OpenCartStoreTest" name="titleTest" time="0.163"/>
  <system-out/>
  <testcase classname="TestNg_session.OpenCartStoreTest" name="searchTest" time="0.103"/>
  <system-out/>
</testsuite> <!-- TestNg_session.OpenCartStoreTest -->
